[INFO ] [main] Importing project.
[WARN ] [main] {"projectId":34,"name":"CSharpExample","key":"EXAMPLE3","favorite":false,"language":"CSHARP","owners":[{"active":true,"email":"admin@static.io","id":1,"username":"admin"}],"analysisProgress":0.0,"ruleSet":[32,33],"description":"","createdDate":1714635773120,"revisionDate":0,"ruleLanguage":"en_US"}
[INFO ] [main] Importing ruleSet.
[INFO ] [main] Importing analysis exclusion.
[INFO ] [main] Run Analysing.
[INFO ] [main] --------------------NetAnalyzerExecutor--------------------
[INFO ] [main] Execute [cmd,/c,chcp,65001,&,"C:\Users\user\AppData\Local\Suresofttech\STATIC Toolbox\apps\STATIC Client for C# v4.8.0\NetAnalyzer\NetAnalyzer.exe",-s,".\StaticCSharpTest.sln",-o,"E:\sample-code\staticTest\StaticCSharpTest\.static\EXAMPLE3",-l,"en_US",-r,"E:\sample-code\staticTest\StaticCSharpTest\.static\EXAMPLE3.activeRules",-e,"E:\sample-code\staticTest\StaticCSharpTest\.static\EXAMPLE3.exclusions"]
[INFO ] [NetAnalyzerExecutor] Active code page: 65001
[INFO ] [NetAnalyzerExecutor] [INFO] Start
[INFO ] [NetAnalyzerExecutor] [INFO] make output directory: E:\sample-code\staticTest\StaticCSharpTest\.static\EXAMPLE3
[INFO ] [NetAnalyzerExecutor] [INFO] - Solution file: E:\sample-code\staticTest\StaticCSharpTest\StaticCSharpTest.sln
[INFO ] [NetAnalyzerExecutor] [INFO] - Output path  : E:\sample-code\staticTest\StaticCSharpTest\.static\EXAMPLE3
[INFO ] [NetAnalyzerExecutor] 
[INFO ] [NetAnalyzerExecutor] [INFO] current directory: E:\sample-code\staticTest\StaticCSharpTest
[INFO ] [NetAnalyzerExecutor] [INFO] ini file Path: C:\Users\user\AppData\Local\Suresofttech\STATIC Toolbox\apps\STATIC Client for C# v4.8.0\NetAnalyzer\NetAnalyzer.ini
[INFO ] [NetAnalyzerExecutor] [INFO] Set Msbuild to latest: Visual Studio Professional 2019
[INFO ] [NetAnalyzerExecutor] [INFO] start locale to en_US
[INFO ] [NetAnalyzerExecutor] [INFO] CurreuntCulture: English (United States)
[INFO ] [NetAnalyzerExecutor] [INFO] start NETAnalyzer
[INFO ] [NetAnalyzerExecutor] [INFO] set open solution: Y
[INFO ] [NetAnalyzerExecutor] [INFO] Open the solution file.
[INFO ] [NetAnalyzerExecutor] [INFO] anlayze solution: E:\sample-code\staticTest\StaticCSharpTest\StaticCSharpTest.sln
[INFO ] [NetAnalyzerExecutor] [INFO] set open solution: Y
[INFO ] [NetAnalyzerExecutor] [INFO] set prebuild: N
[INFO ] [NetAnalyzerExecutor] [INFO] set configuration: Release
[INFO ] [NetAnalyzerExecutor] [INFO] set platform: AnyCPU
[INFO ] [NetAnalyzerExecutor] [INFO] analyze project: E:\sample-code\staticTest\StaticCSharpTest\StaticCSharpTest\StaticCSharpTest.csproj
[INFO ] [NetAnalyzerExecutor] [INFO] copy ruleset to E:\sample-code\staticTest\StaticCSharpTest\StaticCSharpTest
[INFO ] [NetAnalyzerExecutor] [INFO] open project: E:\sample-code\staticTest\StaticCSharpTest\StaticCSharpTest\StaticCSharpTest.csproj
[INFO ] [NetAnalyzerExecutor] [INFO] Analyze cs file: E:\sample-code\staticTest\StaticCSharpTest\StaticCSharpTest\Program.cs
[INFO ] [NetAnalyzerExecutor] [INFO] Exclude cs file: E:\sample-code\staticTest\StaticCSharpTest\StaticCSharpTest\obj\Release\net5.0\.NETCoreApp,Version=v5.0.AssemblyAttributes.cs
[INFO ] [NetAnalyzerExecutor] [INFO] Exclude cs file: E:\sample-code\staticTest\StaticCSharpTest\StaticCSharpTest\obj\Release\net5.0\StaticCSharpTest.AssemblyInfo.cs
[INFO ] [NetAnalyzerExecutor] [INFO] Analyzer execution TIme: 00:00:00
[INFO ] [NetAnalyzerExecutor] [INFO] make defect
[INFO ] [NetAnalyzerExecutor] [INFO] Found defects: 1
[INFO ] [NetAnalyzerExecutor] [INFO] defect write to json.
[INFO ] [NetAnalyzerExecutor] [INFO] NETAnalyzer finish
[INFO ] [NetAnalyzerExecutor] [INFO] Calculate Metric
[INFO ] [NetAnalyzerExecutor] [INFO] set open solution: Y
[INFO ] [NetAnalyzerExecutor] [INFO] Open the solution file.
[INFO ] [NetAnalyzerExecutor] [INFO] Initialize data.
[INFO ] [NetAnalyzerExecutor] [INFO] Start calculating metrics.
[INFO ] [NetAnalyzerExecutor] [DEBUG] Set timeout as 180000 milliseconds
[INFO ] [NetAnalyzerExecutor] [INFO] [1/1] StaticCSharpTest
[INFO ] [NetAnalyzerExecutor] [DEBUG] Calculating for 1 files...
[INFO ] [NetAnalyzerExecutor] [INFO] Metric Caluator execution TIme: 00:00:00
[INFO ] [NetAnalyzerExecutor] [INFO] Collect CS file
[INFO ] [NetAnalyzerExecutor] [INFO] set open solution: Y
[INFO ] [NetAnalyzerExecutor] [INFO] Open the solution file.
[INFO ] [NetAnalyzerExecutor] [INFO] anlayze solution: E:\sample-code\staticTest\StaticCSharpTest\StaticCSharpTest.sln
[INFO ] [NetAnalyzerExecutor] [INFO] set configuration: Release
[INFO ] [NetAnalyzerExecutor] [INFO] set platform: AnyCPU
[INFO ] [NetAnalyzerExecutor] [INFO] Collect cs file: E:\sample-code\staticTest\StaticCSharpTest\StaticCSharpTest\Program.cs
[INFO ] [NetAnalyzerExecutor] [INFO] Exclude cs file: E:\sample-code\staticTest\StaticCSharpTest\StaticCSharpTest\obj\Release\net5.0\.NETCoreApp,Version=v5.0.AssemblyAttributes.cs
[INFO ] [NetAnalyzerExecutor] [INFO] Exclude cs file: E:\sample-code\staticTest\StaticCSharpTest\StaticCSharpTest\obj\Release\net5.0\StaticCSharpTest.AssemblyInfo.cs
[INFO ] [NetAnalyzerExecutor] [INFO] Collected file numbers : 1
[INFO ] [NetAnalyzerExecutor] [INFO] Execution TIme: 00:00:04
[INFO ] [NetAnalyzerExecutor] [INFO] Analysis finished normally
[INFO ] [main] Creating defect file.
[INFO ] [main] Finish Analysis.
[INFO ] [main] Uploading analysis data.
[INFO ] [main] DONE.
